mode: set
github.com/goradd/got/main.go:14.13,21.50 6 0
github.com/goradd/got/main.go:32.2,37.16 6 0
github.com/goradd/got/main.go:43.2,45.90 2 0
github.com/goradd/got/main.go:21.50,30.3 8 0
github.com/goradd/got/main.go:37.16,39.3 1 0
github.com/goradd/got/main.go:39.8,42.3 1 0
github.com/goradd/got/main.go:45.90,48.3 2 0
github.com/goradd/got/internal/got/ast.go:29.97,32.16 3 0
github.com/goradd/got/internal/got/ast.go:35.2,35.15 1 0
github.com/goradd/got/internal/got/ast.go:39.2,41.34 3 0
github.com/goradd/got/internal/got/ast.go:44.2,44.8 1 0
github.com/goradd/got/internal/got/ast.go:32.16,34.3 1 0
github.com/goradd/got/internal/got/ast.go:35.15,37.3 1 0
github.com/goradd/got/internal/got/ast.go:41.34,43.3 1 0
github.com/goradd/got/internal/got/ast.go:47.56,49.16 2 0
github.com/goradd/got/internal/got/ast.go:52.2,52.15 1 0
github.com/goradd/got/internal/got/ast.go:56.2,57.16 2 0
github.com/goradd/got/internal/got/ast.go:61.2,61.27 1 0
github.com/goradd/got/internal/got/ast.go:69.2,69.12 1 0
github.com/goradd/got/internal/got/ast.go:49.16,51.3 1 0
github.com/goradd/got/internal/got/ast.go:52.15,54.3 1 0
github.com/goradd/got/internal/got/ast.go:57.16,59.3 1 0
github.com/goradd/got/internal/got/ast.go:61.27,64.17 3 0
github.com/goradd/got/internal/got/ast.go:64.17,65.9 1 0
github.com/goradd/got/internal/got/ast.go:72.48,73.18 1 0
github.com/goradd/got/internal/got/ast.go:75.14,78.38 3 0
github.com/goradd/got/internal/got/ast.go:80.16,83.32 3 0
github.com/goradd/got/internal/got/ast.go:86.3,86.38 1 0
github.com/goradd/got/internal/got/ast.go:88.23,91.32 3 0
github.com/goradd/got/internal/got/ast.go:93.15,94.27 1 0
github.com/goradd/got/internal/got/ast.go:96.18,97.14 1 0
github.com/goradd/got/internal/got/ast.go:98.16,99.14 1 0
github.com/goradd/got/internal/got/ast.go:100.15,101.14 1 0
github.com/goradd/got/internal/got/ast.go:102.16,103.14 1 0
github.com/goradd/got/internal/got/ast.go:104.17,105.14 1 0
github.com/goradd/got/internal/got/ast.go:106.21,107.14 1 0
github.com/goradd/got/internal/got/ast.go:108.17,109.29 1 0
github.com/goradd/got/internal/got/ast.go:111.17,112.29 1 0
github.com/goradd/got/internal/got/ast.go:114.14,115.26 1 0
github.com/goradd/got/internal/got/ast.go:117.15,118.27 1 0
github.com/goradd/got/internal/got/ast.go:120.16,121.28 1 0
github.com/goradd/got/internal/got/ast.go:123.10,124.46 1 0
github.com/goradd/got/internal/got/ast.go:83.32,85.4 1 0
github.com/goradd/got/internal/got/ast.go:128.62,129.26 1 0
github.com/goradd/got/internal/got/ast.go:135.2,135.8 1 0
github.com/goradd/got/internal/got/ast.go:129.26,131.17 2 0
github.com/goradd/got/internal/got/ast.go:131.17,132.9 1 0
github.com/goradd/got/internal/got/ast.go:138.88,143.2 4 0
github.com/goradd/got/internal/got/ast.go:148.56,149.15 1 0
github.com/goradd/got/internal/got/ast.go:152.2,152.74 1 0
github.com/goradd/got/internal/got/ast.go:163.2,164.18 2 0
github.com/goradd/got/internal/got/ast.go:175.2,175.17 1 0
github.com/goradd/got/internal/got/ast.go:181.2,181.8 1 0
github.com/goradd/got/internal/got/ast.go:149.15,151.3 1 0
github.com/goradd/got/internal/got/ast.go:152.74,153.41 1 0
github.com/goradd/got/internal/got/ast.go:159.3,159.16 1 0
github.com/goradd/got/internal/got/ast.go:153.41,155.4 1 0
github.com/goradd/got/internal/got/ast.go:155.9,157.4 1 0
github.com/goradd/got/internal/got/ast.go:159.16,161.4 1 0
github.com/goradd/got/internal/got/ast.go:164.18,166.19 2 0
github.com/goradd/got/internal/got/ast.go:166.19,173.4 5 0
github.com/goradd/got/internal/got/ast.go:175.17,178.3 1 0
github.com/goradd/got/internal/got/ast.go:178.8,180.3 1 0
github.com/goradd/got/internal/got/ast.go:184.53,185.17 1 0
github.com/goradd/got/internal/got/ast.go:189.2,189.31 1 0
github.com/goradd/got/internal/got/ast.go:185.17,187.3 1 0
github.com/goradd/got/internal/got/ast.go:192.55,195.2 2 0
github.com/goradd/got/internal/got/ast.go:199.61,202.21 2 0
github.com/goradd/got/internal/got/ast.go:208.2,210.18 2 0
github.com/goradd/got/internal/got/ast.go:227.2,229.20 2 0
github.com/goradd/got/internal/got/ast.go:241.2,243.8 3 0
github.com/goradd/got/internal/got/ast.go:202.21,204.3 1 0
github.com/goradd/got/internal/got/ast.go:204.8,204.25 1 0
github.com/goradd/got/internal/got/ast.go:204.25,206.3 1 0
github.com/goradd/got/internal/got/ast.go:211.16,212.39 1 0
github.com/goradd/got/internal/got/ast.go:213.15,214.33 1 0
github.com/goradd/got/internal/got/ast.go:215.16,216.51 1 0
github.com/goradd/got/internal/got/ast.go:217.21,218.31 1 0
github.com/goradd/got/internal/got/ast.go:219.17,220.62 1 0
github.com/goradd/got/internal/got/ast.go:221.17,222.30 1 0
github.com/goradd/got/internal/got/ast.go:223.10,224.19 1 0
github.com/goradd/got/internal/got/ast.go:229.20,238.3 1 0
github.com/goradd/got/internal/got/ast.go:238.8,240.3 1 0
github.com/goradd/got/internal/got/ast.go:246.61,249.2 2 0
github.com/goradd/got/internal/got/ast.go:254.35,256.2 1 1
github.com/goradd/got/internal/got/ast.go:258.61,259.44 1 0
github.com/goradd/got/internal/got/ast.go:278.2,278.52 1 0
github.com/goradd/got/internal/got/ast.go:281.2,281.8 1 0
github.com/goradd/got/internal/got/ast.go:259.44,260.21 1 0
github.com/goradd/got/internal/got/ast.go:268.3,268.17 1 0
github.com/goradd/got/internal/got/ast.go:272.3,274.55 3 0
github.com/goradd/got/internal/got/ast.go:261.15,262.56 1 0
github.com/goradd/got/internal/got/ast.go:263.19,264.63 1 0
github.com/goradd/got/internal/got/ast.go:265.17,266.45 1 0
github.com/goradd/got/internal/got/ast.go:268.17,270.4 1 0
github.com/goradd/got/internal/got/ast.go:274.55,276.4 1 0
github.com/goradd/got/internal/got/ast.go:278.52,280.3 1 0
github.com/goradd/got/internal/got/ast.go:284.59,288.52 4 0
github.com/goradd/got/internal/got/ast.go:291.2,291.52 1 0
github.com/goradd/got/internal/got/ast.go:294.2,294.8 1 0
github.com/goradd/got/internal/got/ast.go:288.52,290.3 1 0
github.com/goradd/got/internal/got/ast.go:291.52,293.3 1 0
github.com/goradd/got/internal/got/ast.go:297.60,302.2 2 0
github.com/goradd/got/internal/got/ast.go:309.2,314.8 2 0
github.com/goradd/got/internal/got/ast.go:302.2,305.53 3 0
github.com/goradd/got/internal/got/ast.go:305.53,307.4 1 0
github.com/goradd/got/internal/got/lexer.go:41.29,53.2 3 0
github.com/goradd/got/internal/got/lexer.go:56.96,66.2 3 1
github.com/goradd/got/internal/got/lexer.go:68.23,69.39 1 1
github.com/goradd/got/internal/got/lexer.go:72.2,72.16 1 1
github.com/goradd/got/internal/got/lexer.go:69.39,71.3 1 1
github.com/goradd/got/internal/got/lexer.go:76.33,78.2 1 1
github.com/goradd/got/internal/got/lexer.go:80.31,83.22 3 1
github.com/goradd/got/internal/got/lexer.go:83.22,87.3 3 1
github.com/goradd/got/internal/got/lexer.go:87.8,87.28 1 1
github.com/goradd/got/internal/got/lexer.go:87.28,89.3 1 1
github.com/goradd/got/internal/got/lexer.go:89.8,92.3 1 1
github.com/goradd/got/internal/got/lexer.go:95.34,99.23 3 1
github.com/goradd/got/internal/got/lexer.go:104.2,106.16 3 1
github.com/goradd/got/internal/got/lexer.go:110.2,110.27 1 1
github.com/goradd/got/internal/got/lexer.go:113.2,113.15 1 1
github.com/goradd/got/internal/got/lexer.go:99.23,102.3 2 1
github.com/goradd/got/internal/got/lexer.go:106.16,109.3 2 1
github.com/goradd/got/internal/got/lexer.go:110.27,112.3 1 1
github.com/goradd/got/internal/got/lexer.go:117.31,120.13 2 1
github.com/goradd/got/internal/got/lexer.go:124.2,127.28 3 1
github.com/goradd/got/internal/got/lexer.go:154.2,154.15 1 1
github.com/goradd/got/internal/got/lexer.go:120.13,121.43 1 0
github.com/goradd/got/internal/got/lexer.go:127.28,133.59 2 1
github.com/goradd/got/internal/got/lexer.go:137.3,137.43 1 1
github.com/goradd/got/internal/got/lexer.go:133.59,135.4 1 1
github.com/goradd/got/internal/got/lexer.go:137.43,144.4 5 1
github.com/goradd/got/internal/got/lexer.go:144.9,151.4 5 1
github.com/goradd/got/internal/got/lexer.go:155.19,156.47 1 1
github.com/goradd/got/internal/got/lexer.go:158.22,159.33 1 1
github.com/goradd/got/internal/got/lexer.go:161.22,162.37 1 1
github.com/goradd/got/internal/got/lexer.go:164.23,165.28 1 1
github.com/goradd/got/internal/got/lexer.go:167.19,168.24 1 1
github.com/goradd/got/internal/got/lexer.go:170.16,171.21 1 1
github.com/goradd/got/internal/got/lexer.go:173.10,175.48 2 1
github.com/goradd/got/internal/got/lexer.go:178.3,178.16 1 1
github.com/goradd/got/internal/got/lexer.go:175.48,177.4 1 1
github.com/goradd/got/internal/got/lexer.go:182.39,185.2 2 1
github.com/goradd/got/internal/got/lexer.go:187.35,188.17 1 1
github.com/goradd/got/internal/got/lexer.go:192.2,201.23 3 1
github.com/goradd/got/internal/got/lexer.go:206.2,207.12 2 1
github.com/goradd/got/internal/got/lexer.go:188.17,190.3 1 1
github.com/goradd/got/internal/got/lexer.go:201.23,204.3 2 1
github.com/goradd/got/internal/got/lexer.go:210.27,211.24 1 1
github.com/goradd/got/internal/got/lexer.go:211.24,214.3 2 1
github.com/goradd/got/internal/got/lexer.go:217.42,221.23 4 1
github.com/goradd/got/internal/got/lexer.go:225.2,228.23 4 1
github.com/goradd/got/internal/got/lexer.go:232.2,234.15 3 1
github.com/goradd/got/internal/got/lexer.go:221.23,224.3 2 1
github.com/goradd/got/internal/got/lexer.go:228.23,231.3 2 1
github.com/goradd/got/internal/got/lexer.go:237.67,241.23 4 1
github.com/goradd/got/internal/got/lexer.go:245.2,247.24 2 1
github.com/goradd/got/internal/got/lexer.go:256.2,257.43 2 1
github.com/goradd/got/internal/got/lexer.go:262.2,263.27 2 1
github.com/goradd/got/internal/got/lexer.go:274.2,274.21 1 1
github.com/goradd/got/internal/got/lexer.go:281.2,281.21 1 1
github.com/goradd/got/internal/got/lexer.go:292.2,292.27 1 0
github.com/goradd/got/internal/got/lexer.go:307.2,310.22 4 0
github.com/goradd/got/internal/got/lexer.go:314.2,315.16 2 0
github.com/goradd/got/internal/got/lexer.go:319.2,319.15 1 0
github.com/goradd/got/internal/got/lexer.go:323.2,325.29 2 0
github.com/goradd/got/internal/got/lexer.go:333.2,333.15 1 0
github.com/goradd/got/internal/got/lexer.go:241.23,244.3 2 1
github.com/goradd/got/internal/got/lexer.go:247.24,249.60 2 1
github.com/goradd/got/internal/got/lexer.go:249.60,252.4 2 1
github.com/goradd/got/internal/got/lexer.go:257.43,259.3 1 0
github.com/goradd/got/internal/got/lexer.go:263.27,264.41 1 0
github.com/goradd/got/internal/got/lexer.go:264.41,266.29 2 0
github.com/goradd/got/internal/got/lexer.go:266.29,268.10 2 0
github.com/goradd/got/internal/got/lexer.go:274.21,276.28 2 1
github.com/goradd/got/internal/got/lexer.go:276.28,278.4 1 0
github.com/goradd/got/internal/got/lexer.go:281.21,284.28 3 1
github.com/goradd/got/internal/got/lexer.go:287.3,289.13 3 1
github.com/goradd/got/internal/got/lexer.go:284.28,286.4 1 0
github.com/goradd/got/internal/got/lexer.go:292.27,296.17 3 0
github.com/goradd/got/internal/got/lexer.go:300.3,303.16 4 0
github.com/goradd/got/internal/got/lexer.go:296.17,299.4 2 0
github.com/goradd/got/internal/got/lexer.go:310.22,312.3 1 0
github.com/goradd/got/internal/got/lexer.go:315.16,318.3 2 0
github.com/goradd/got/internal/got/lexer.go:319.15,321.3 1 0
github.com/goradd/got/internal/got/lexer.go:325.29,327.28 2 0
github.com/goradd/got/internal/got/lexer.go:327.28,330.4 2 0
github.com/goradd/got/internal/got/lexer.go:336.35,339.2 2 1
github.com/goradd/got/internal/got/lexer.go:341.47,345.23 3 1
github.com/goradd/got/internal/got/lexer.go:350.2,355.21 5 1
github.com/goradd/got/internal/got/lexer.go:368.2,368.41 1 1
github.com/goradd/got/internal/got/lexer.go:373.2,373.36 1 1
github.com/goradd/got/internal/got/lexer.go:378.2,381.23 3 1
github.com/goradd/got/internal/got/lexer.go:384.2,384.77 1 1
github.com/goradd/got/internal/got/lexer.go:388.2,390.15 2 1
github.com/goradd/got/internal/got/lexer.go:345.23,348.3 2 1
github.com/goradd/got/internal/got/lexer.go:355.21,359.17 4 1
github.com/goradd/got/internal/got/lexer.go:359.17,362.4 2 1
github.com/goradd/got/internal/got/lexer.go:363.8,363.27 1 1
github.com/goradd/got/internal/got/lexer.go:363.27,366.3 2 1
github.com/goradd/got/internal/got/lexer.go:368.41,371.3 2 0
github.com/goradd/got/internal/got/lexer.go:373.36,376.3 2 1
github.com/goradd/got/internal/got/lexer.go:381.23,383.3 1 1
github.com/goradd/got/internal/got/lexer.go:384.77,387.3 2 0
github.com/goradd/got/internal/got/lexer.go:393.54,398.16 4 1
github.com/goradd/got/internal/got/lexer.go:403.2,407.23 4 1
github.com/goradd/got/internal/got/lexer.go:412.2,418.44 5 1
github.com/goradd/got/internal/got/lexer.go:426.2,427.16 2 1
github.com/goradd/got/internal/got/lexer.go:432.2,432.74 1 1
github.com/goradd/got/internal/got/lexer.go:437.2,439.29 2 1
github.com/goradd/got/internal/got/lexer.go:447.2,447.15 1 1
github.com/goradd/got/internal/got/lexer.go:398.16,401.3 2 1
github.com/goradd/got/internal/got/lexer.go:407.23,410.3 2 1
github.com/goradd/got/internal/got/lexer.go:418.44,419.16 1 1
github.com/goradd/got/internal/got/lexer.go:423.3,423.16 1 1
github.com/goradd/got/internal/got/lexer.go:419.16,422.4 2 1
github.com/goradd/got/internal/got/lexer.go:427.16,430.3 2 1
github.com/goradd/got/internal/got/lexer.go:432.74,435.3 2 1
github.com/goradd/got/internal/got/lexer.go:439.29,441.28 2 1
github.com/goradd/got/internal/got/lexer.go:441.28,444.4 2 1
github.com/goradd/got/internal/got/lexer.go:450.94,458.22 4 1
github.com/goradd/got/internal/got/lexer.go:462.2,462.33 1 1
github.com/goradd/got/internal/got/lexer.go:467.2,467.26 1 1
github.com/goradd/got/internal/got/lexer.go:473.2,473.25 1 1
github.com/goradd/got/internal/got/lexer.go:480.2,480.8 1 1
github.com/goradd/got/internal/got/lexer.go:458.22,461.3 2 1
github.com/goradd/got/internal/got/lexer.go:462.33,465.3 2 1
github.com/goradd/got/internal/got/lexer.go:467.26,470.3 2 1
github.com/goradd/got/internal/got/lexer.go:473.25,474.42 1 1
github.com/goradd/got/internal/got/lexer.go:474.42,477.4 2 1
github.com/goradd/got/internal/got/lexer.go:484.67,489.58 4 1
github.com/goradd/got/internal/got/lexer.go:514.2,514.23 1 1
github.com/goradd/got/internal/got/lexer.go:526.2,526.8 1 1
github.com/goradd/got/internal/got/lexer.go:489.58,491.86 2 1
github.com/goradd/got/internal/got/lexer.go:495.3,495.18 1 1
github.com/goradd/got/internal/got/lexer.go:491.86,494.4 2 1
github.com/goradd/got/internal/got/lexer.go:495.18,497.25 2 1
github.com/goradd/got/internal/got/lexer.go:497.25,498.30 1 1
github.com/goradd/got/internal/got/lexer.go:504.5,505.21 2 1
github.com/goradd/got/internal/got/lexer.go:498.30,500.20 2 1
github.com/goradd/got/internal/got/lexer.go:500.20,502.7 1 0
github.com/goradd/got/internal/got/lexer.go:506.10,509.5 1 1
github.com/goradd/got/internal/got/lexer.go:510.9,512.4 1 1
github.com/goradd/got/internal/got/lexer.go:514.23,515.28 1 1
github.com/goradd/got/internal/got/lexer.go:521.3,521.39 1 1
github.com/goradd/got/internal/got/lexer.go:515.28,517.18 2 1
github.com/goradd/got/internal/got/lexer.go:517.18,519.5 1 1
github.com/goradd/got/internal/got/lexer.go:522.8,524.3 1 1
github.com/goradd/got/internal/got/lexer.go:529.38,532.23 2 1
github.com/goradd/got/internal/got/lexer.go:536.2,537.15 2 1
github.com/goradd/got/internal/got/lexer.go:532.23,535.3 2 1
github.com/goradd/got/internal/got/lexer.go:540.35,543.2 2 1
github.com/goradd/got/internal/got/lexer.go:546.63,548.2 1 1
github.com/goradd/got/internal/got/lexer.go:551.27,553.2 1 1
github.com/goradd/got/internal/got/lexer.go:556.32,558.2 1 1
github.com/goradd/got/internal/got/lexer.go:561.31,563.2 1 1
github.com/goradd/got/internal/got/lexer.go:566.29,570.12 1 1
github.com/goradd/got/internal/got/lexer.go:575.2,575.13 1 1
github.com/goradd/got/internal/got/lexer.go:570.12,572.3 1 1
github.com/goradd/got/internal/got/lexer.go:578.36,580.2 1 1
github.com/goradd/got/internal/got/lexer.go:583.37,585.2 1 1
github.com/goradd/got/internal/got/lexer.go:587.43,590.2 2 1
github.com/goradd/got/internal/got/lexer.go:593.29,595.30 2 1
github.com/goradd/got/internal/got/lexer.go:598.2,598.10 1 1
github.com/goradd/got/internal/got/lexer.go:595.30,597.3 1 1
github.com/goradd/got/internal/got/lexer.go:603.43,605.24 2 1
github.com/goradd/got/internal/got/lexer.go:612.2,612.25 1 1
github.com/goradd/got/internal/got/lexer.go:615.2,615.8 1 1
github.com/goradd/got/internal/got/lexer.go:605.24,607.31 2 1
github.com/goradd/got/internal/got/lexer.go:610.3,610.19 1 1
github.com/goradd/got/internal/got/lexer.go:607.31,608.9 1 1
github.com/goradd/got/internal/got/lexer.go:612.25,614.3 1 1
github.com/goradd/got/internal/got/lexer.go:619.29,624.16 2 1
github.com/goradd/got/internal/got/lexer.go:624.16,627.3 1 1
github.com/goradd/got/internal/got/lexer.go:631.45,632.6 1 1
github.com/goradd/got/internal/got/lexer.go:632.6,634.14 2 1
github.com/goradd/got/internal/got/lexer.go:638.3,638.19 1 1
github.com/goradd/got/internal/got/lexer.go:641.3,641.11 1 1
github.com/goradd/got/internal/got/lexer.go:634.14,637.4 1 1
github.com/goradd/got/internal/got/lexer.go:638.19,640.4 1 1
github.com/goradd/got/internal/got/lexer.go:646.50,647.51 1 1
github.com/goradd/got/internal/got/lexer.go:649.2,649.12 1 1
github.com/goradd/got/internal/got/lexer.go:647.52,648.3 0 1
github.com/goradd/got/internal/got/lexer.go:653.42,654.22 1 1
github.com/goradd/got/internal/got/lexer.go:657.2,661.6 4 1
github.com/goradd/got/internal/got/lexer.go:654.22,656.3 1 1
github.com/goradd/got/internal/got/lexer.go:661.6,663.27 2 1
github.com/goradd/got/internal/got/lexer.go:681.3,681.31 1 1
github.com/goradd/got/internal/got/lexer.go:684.3,684.13 1 1
github.com/goradd/got/internal/got/lexer.go:663.27,665.23 1 1
github.com/goradd/got/internal/got/lexer.go:672.4,673.10 2 0
github.com/goradd/got/internal/got/lexer.go:665.23,669.5 3 1
github.com/goradd/got/internal/got/lexer.go:674.9,674.26 1 1
github.com/goradd/got/internal/got/lexer.go:674.26,677.12 3 1
github.com/goradd/got/internal/got/lexer.go:681.31,683.4 1 1
github.com/goradd/got/internal/got/lexer.go:689.29,692.27 2 1
github.com/goradd/got/internal/got/lexer.go:707.2,708.10 2 1
github.com/goradd/got/internal/got/lexer.go:692.27,695.3 2 1
github.com/goradd/got/internal/got/lexer.go:695.8,698.17 3 1
github.com/goradd/got/internal/got/lexer.go:698.17,699.21 1 1
github.com/goradd/got/internal/got/lexer.go:703.4,704.18 2 1
github.com/goradd/got/internal/got/lexer.go:699.21,701.5 1 1
github.com/goradd/got/internal/got/lexer.go:712.26,713.27 1 1
github.com/goradd/got/internal/got/lexer.go:716.2,718.48 3 1
github.com/goradd/got/internal/got/lexer.go:713.27,714.30 1 1
github.com/goradd/got/internal/got/lexer.go:722.36,723.27 1 1
github.com/goradd/got/internal/got/lexer.go:723.27,725.3 1 1
github.com/goradd/got/internal/got/lexer.go:729.26,732.2 2 1
github.com/goradd/got/internal/got/lexer.go:734.57,737.32 3 1
github.com/goradd/got/internal/got/lexer.go:745.2,745.8 1 1
github.com/goradd/got/internal/got/lexer.go:737.32,738.21 1 1
github.com/goradd/got/internal/got/lexer.go:738.21,741.4 2 1
github.com/goradd/got/internal/got/lexer.go:741.9,743.4 1 1
github.com/goradd/got/internal/got/lexer.go:748.29,751.2 2 1
github.com/goradd/got/internal/got/lexer.go:754.31,756.6 2 1
github.com/goradd/got/internal/got/lexer.go:756.6,758.10 2 1
github.com/goradd/got/internal/got/lexer.go:759.17,760.10 1 1
github.com/goradd/got/internal/got/lexer.go:761.19,762.14 1 1
github.com/goradd/got/internal/got/lexer.go:763.11,765.10 2 1
github.com/goradd/got/internal/got/lexer.go:771.36,773.6 2 1
github.com/goradd/got/internal/got/lexer.go:773.6,775.10 2 1
github.com/goradd/got/internal/got/lexer.go:776.17,777.15 1 1
github.com/goradd/got/internal/got/lexer.go:778.21,779.10 1 1
github.com/goradd/got/internal/got/lexer.go:780.24,781.14 1 1
github.com/goradd/got/internal/got/lexer.go:782.11,784.10 2 1
github.com/goradd/got/internal/got/lexer.go:790.34,793.9 3 1
github.com/goradd/got/internal/got/lexer.go:794.16,795.14 1 1
github.com/goradd/got/internal/got/lexer.go:796.20,797.9 1 1
github.com/goradd/got/internal/got/lexer.go:798.18,799.13 1 1
github.com/goradd/got/internal/got/lexer.go:800.10,802.9 2 1
github.com/goradd/got/internal/got/lexer.go:807.33,810.9 3 1
github.com/goradd/got/internal/got/lexer.go:811.16,812.14 1 1
github.com/goradd/got/internal/got/lexer.go:813.20,814.9 1 1
github.com/goradd/got/internal/got/lexer.go:815.17,817.16 2 1
github.com/goradd/got/internal/got/lexer.go:822.3,822.9 1 1
github.com/goradd/got/internal/got/lexer.go:823.17,825.9 2 1
github.com/goradd/got/internal/got/lexer.go:826.10,828.9 2 1
github.com/goradd/got/internal/got/lexer.go:817.16,819.4 1 1
github.com/goradd/got/internal/got/lexer.go:819.9,821.4 1 1
github.com/goradd/got/internal/got/lexer.go:832.34,833.22 1 1
github.com/goradd/got/internal/got/lexer.go:833.22,837.3 3 1
github.com/goradd/got/internal/got/lexer.go:840.32,841.25 1 1
github.com/goradd/got/internal/got/lexer.go:844.2,844.12 1 1
github.com/goradd/got/internal/got/lexer.go:841.25,843.3 1 1
github.com/goradd/got/internal/got/lexer.go:848.46,849.32 1 1
github.com/goradd/got/internal/got/lexer.go:852.2,852.8 1 1
github.com/goradd/got/internal/got/lexer.go:849.32,851.3 1 1
github.com/goradd/got/internal/got/lexer.go:855.34,857.2 1 1
github.com/goradd/got/internal/got/lexer.go:859.79,860.26 1 1
github.com/goradd/got/internal/got/lexer.go:863.2,869.12 2 1
github.com/goradd/got/internal/got/lexer.go:860.26,862.3 1 1
github.com/goradd/got/internal/got/lexer.go:872.77,875.2 2 1
github.com/goradd/got/internal/got/parser.go:15.32,22.30 6 1
github.com/goradd/got/internal/got/parser.go:26.2,26.30 1 1
github.com/goradd/got/internal/got/parser.go:36.2,36.16 1 1
github.com/goradd/got/internal/got/parser.go:22.30,24.3 1 1
github.com/goradd/got/internal/got/parser.go:26.30,27.34 1 1
github.com/goradd/got/internal/got/parser.go:34.3,34.17 1 1
github.com/goradd/got/internal/got/parser.go:27.34,28.36 1 1
github.com/goradd/got/internal/got/parser.go:28.36,29.30 1 0
github.com/goradd/got/internal/got/parser.go:29.30,31.6 1 0
github.com/goradd/got/internal/got/parser.go:40.71,41.34 1 1
github.com/goradd/got/internal/got/parser.go:58.2,59.8 2 1
github.com/goradd/got/internal/got/parser.go:41.34,43.20 2 1
github.com/goradd/got/internal/got/parser.go:44.16,45.15 1 0
github.com/goradd/got/internal/got/parser.go:46.18,47.15 1 1
github.com/goradd/got/internal/got/parser.go:48.16,49.15 1 1
github.com/goradd/got/internal/got/parser.go:50.21,52.10 2 1
github.com/goradd/got/internal/got/parser.go:54.11,55.38 1 1
github.com/goradd/got/internal/got/parser.go:62.57,63.18 1 1
github.com/goradd/got/internal/got/parser.go:131.2,131.13 1 1
github.com/goradd/got/internal/got/parser.go:66.15,66.15 0 0
github.com/goradd/got/internal/got/parser.go:67.17,67.17 0 1
github.com/goradd/got/internal/got/parser.go:68.15,68.15 0 1
github.com/goradd/got/internal/got/parser.go:69.23,69.23 0 1
github.com/goradd/got/internal/got/parser.go:70.15,70.15 0 1
github.com/goradd/got/internal/got/parser.go:71.20,71.20 0 1
github.com/goradd/got/internal/got/parser.go:73.16,74.14 1 1
github.com/goradd/got/internal/got/parser.go:75.14,78.29 3 1
github.com/goradd/got/internal/got/parser.go:89.3,89.14 1 1
github.com/goradd/got/internal/got/parser.go:91.18,92.14 1 1
github.com/goradd/got/internal/got/parser.go:93.16,94.14 1 1
github.com/goradd/got/internal/got/parser.go:95.15,96.14 1 1
github.com/goradd/got/internal/got/parser.go:97.16,98.14 1 1
github.com/goradd/got/internal/got/parser.go:99.17,100.14 1 1
github.com/goradd/got/internal/got/parser.go:101.21,102.14 1 1
github.com/goradd/got/internal/got/parser.go:103.17,104.14 1 1
github.com/goradd/got/internal/got/parser.go:105.17,107.15 2 1
github.com/goradd/got/internal/got/parser.go:109.14,111.23 2 1
github.com/goradd/got/internal/got/parser.go:119.16,121.15 2 1
github.com/goradd/got/internal/got/parser.go:123.15,125.15 2 1
github.com/goradd/got/internal/got/parser.go:127.10,128.28 1 0
github.com/goradd/got/internal/got/parser.go:78.29,79.30 1 1
github.com/goradd/got/internal/got/parser.go:83.4,83.32 1 1
github.com/goradd/got/internal/got/parser.go:87.4,87.18 1 1
github.com/goradd/got/internal/got/parser.go:79.30,82.5 2 1
github.com/goradd/got/internal/got/parser.go:83.32,86.5 2 1
github.com/goradd/got/internal/got/parser.go:111.23,112.35 1 1
github.com/goradd/got/internal/got/parser.go:116.4,116.54 1 1
github.com/goradd/got/internal/got/parser.go:112.35,114.5 1 1
github.com/goradd/got/internal/got/parser.go:134.55,136.21 2 1
github.com/goradd/got/internal/got/parser.go:160.2,161.21 2 1
github.com/goradd/got/internal/got/parser.go:137.15,139.21 2 1
github.com/goradd/got/internal/got/parser.go:144.15,147.14 3 1
github.com/goradd/got/internal/got/parser.go:148.15,151.14 3 1
github.com/goradd/got/internal/got/parser.go:152.17,153.17 1 0
github.com/goradd/got/internal/got/parser.go:154.10,157.17 3 0
github.com/goradd/got/internal/got/parser.go:139.21,143.4 3 1
github.com/goradd/got/internal/got/parser.go:162.15,163.14 1 1
github.com/goradd/got/internal/got/parser.go:164.15,167.17 3 1
github.com/goradd/got/internal/got/parser.go:168.17,169.17 1 1
github.com/goradd/got/internal/got/parser.go:170.10,173.17 3 1
github.com/goradd/got/internal/got/parser.go:177.62,178.26 1 1
github.com/goradd/got/internal/got/parser.go:216.2,221.21 3 1
github.com/goradd/got/internal/got/parser.go:236.2,236.21 1 1
github.com/goradd/got/internal/got/parser.go:178.26,180.28 2 1
github.com/goradd/got/internal/got/parser.go:199.3,200.22 2 1
github.com/goradd/got/internal/got/parser.go:181.16,182.51 1 1
github.com/goradd/got/internal/got/parser.go:183.16,186.37 3 1
github.com/goradd/got/internal/got/parser.go:187.16,190.37 3 1
github.com/goradd/got/internal/got/parser.go:191.18,192.37 1 1
github.com/goradd/got/internal/got/parser.go:193.11,196.37 3 1
github.com/goradd/got/internal/got/parser.go:201.16,201.16 0 1
github.com/goradd/got/internal/got/parser.go:203.16,206.31 3 1
github.com/goradd/got/internal/got/parser.go:207.18,208.31 1 1
github.com/goradd/got/internal/got/parser.go:209.11,212.31 3 1
github.com/goradd/got/internal/got/parser.go:222.20,222.20 0 1
github.com/goradd/got/internal/got/parser.go:224.15,227.30 3 1
github.com/goradd/got/internal/got/parser.go:228.17,229.30 1 1
github.com/goradd/got/internal/got/parser.go:230.10,233.30 3 1
github.com/goradd/got/internal/got/parser.go:237.12,239.27 1 1
github.com/goradd/got/internal/got/parser.go:240.14,241.27 1 1
github.com/goradd/got/internal/got/parser.go:247.3,250.22 4 1
github.com/goradd/got/internal/got/parser.go:260.3,262.9 3 1
github.com/goradd/got/internal/got/parser.go:264.16,265.27 1 1
github.com/goradd/got/internal/got/parser.go:271.3,274.22 4 1
github.com/goradd/got/internal/got/parser.go:284.3,286.9 3 1
github.com/goradd/got/internal/got/parser.go:288.10,291.27 3 1
github.com/goradd/got/internal/got/parser.go:241.27,246.4 3 1
github.com/goradd/got/internal/got/parser.go:250.22,251.25 1 1
github.com/goradd/got/internal/got/parser.go:252.19,253.34 1 1
github.com/goradd/got/internal/got/parser.go:254.17,257.33 3 0
github.com/goradd/got/internal/got/parser.go:265.27,270.4 3 1
github.com/goradd/got/internal/got/parser.go:274.22,275.25 1 1
github.com/goradd/got/internal/got/parser.go:276.19,277.34 1 1
github.com/goradd/got/internal/got/parser.go:278.17,281.35 3 0
github.com/goradd/got/internal/got/parser.go:295.53,297.27 2 1
github.com/goradd/got/internal/got/parser.go:316.2,317.21 2 1
github.com/goradd/got/internal/got/parser.go:333.2,335.21 2 1
github.com/goradd/got/internal/got/parser.go:354.2,354.13 1 1
github.com/goradd/got/internal/got/parser.go:298.15,299.50 1 1
github.com/goradd/got/internal/got/parser.go:300.15,303.23 3 1
github.com/goradd/got/internal/got/parser.go:304.15,307.23 3 1
github.com/goradd/got/internal/got/parser.go:308.17,309.23 1 1
github.com/goradd/got/internal/got/parser.go:310.10,313.23 3 1
github.com/goradd/got/internal/got/parser.go:318.15,318.15 0 1
github.com/goradd/got/internal/got/parser.go:320.15,323.17 3 1
github.com/goradd/got/internal/got/parser.go:324.17,325.17 1 1
github.com/goradd/got/internal/got/parser.go:326.10,329.17 3 1
github.com/goradd/got/internal/got/parser.go:336.20,338.27 1 1
github.com/goradd/got/internal/got/parser.go:343.15,346.17 3 1
github.com/goradd/got/internal/got/parser.go:347.17,348.17 1 1
github.com/goradd/got/internal/got/parser.go:349.10,352.17 3 1
github.com/goradd/got/internal/got/parser.go:338.27,342.4 3 1
github.com/goradd/got/internal/got/parser.go:357.54,361.66 3 1
github.com/goradd/got/internal/got/parser.go:366.2,370.28 5 1
github.com/goradd/got/internal/got/parser.go:375.2,376.58 2 1
github.com/goradd/got/internal/got/parser.go:381.2,381.13 1 1
github.com/goradd/got/internal/got/parser.go:361.66,365.3 3 1
github.com/goradd/got/internal/got/parser.go:370.28,374.3 3 1
github.com/goradd/got/internal/got/parser.go:376.58,380.3 3 1
github.com/goradd/got/internal/got/runner.go:31.30,35.50 2 0
github.com/goradd/got/internal/got/runner.go:39.2,40.16 2 0
github.com/goradd/got/internal/got/runner.go:44.2,44.26 1 0
github.com/goradd/got/internal/got/runner.go:51.2,51.26 1 0
github.com/goradd/got/internal/got/runner.go:57.2,57.18 1 0
github.com/goradd/got/internal/got/runner.go:62.2,65.16 3 0
github.com/goradd/got/internal/got/runner.go:69.2,69.29 1 0
github.com/goradd/got/internal/got/runner.go:73.2,73.15 1 0
github.com/goradd/got/internal/got/runner.go:77.2,78.17 2 0
github.com/goradd/got/internal/got/runner.go:83.2,84.29 2 0
github.com/goradd/got/internal/got/runner.go:141.2,141.30 1 0
github.com/goradd/got/internal/got/runner.go:146.2,146.8 1 0
github.com/goradd/got/internal/got/runner.go:35.50,37.3 1 0
github.com/goradd/got/internal/got/runner.go:40.16,42.3 1 0
github.com/goradd/got/internal/got/runner.go:44.26,46.66 2 0
github.com/goradd/got/internal/got/runner.go:46.66,48.4 1 0
github.com/goradd/got/internal/got/runner.go:51.26,53.3 1 0
github.com/goradd/got/internal/got/runner.go:53.8,55.3 1 0
github.com/goradd/got/internal/got/runner.go:57.18,58.43 1 0
github.com/goradd/got/internal/got/runner.go:58.43,60.4 1 0
github.com/goradd/got/internal/got/runner.go:65.16,67.3 1 0
github.com/goradd/got/internal/got/runner.go:69.29,71.3 1 0
github.com/goradd/got/internal/got/runner.go:73.15,75.3 1 0
github.com/goradd/got/internal/got/runner.go:78.17,80.3 1 0
github.com/goradd/got/internal/got/runner.go:84.29,88.40 3 0
github.com/goradd/got/internal/got/runner.go:93.3,95.7 3 0
github.com/goradd/got/internal/got/runner.go:103.3,110.7 7 0
github.com/goradd/got/internal/got/runner.go:118.3,125.17 7 0
github.com/goradd/got/internal/got/runner.go:129.3,134.17 5 0
github.com/goradd/got/internal/got/runner.go:138.3,138.35 1 0
github.com/goradd/got/internal/got/runner.go:88.40,90.4 1 0
github.com/goradd/got/internal/got/runner.go:95.7,97.17 2 0
github.com/goradd/got/internal/got/runner.go:100.4,100.40 1 0
github.com/goradd/got/internal/got/runner.go:97.17,98.10 1 0
github.com/goradd/got/internal/got/runner.go:110.7,112.17 2 0
github.com/goradd/got/internal/got/runner.go:115.4,115.40 1 0
github.com/goradd/got/internal/got/runner.go:112.17,113.10 1 0
github.com/goradd/got/internal/got/runner.go:125.17,127.4 1 0
github.com/goradd/got/internal/got/runner.go:134.17,136.4 1 0
github.com/goradd/got/internal/got/runner.go:141.30,142.54 1 0
github.com/goradd/got/internal/got/runner.go:142.54,144.4 1 0
github.com/goradd/got/internal/got/runner.go:149.102,150.21 1 0
github.com/goradd/got/internal/got/runner.go:169.2,169.8 1 0
github.com/goradd/got/internal/got/runner.go:150.21,152.63 2 0
github.com/goradd/got/internal/got/runner.go:159.3,160.42 2 0
github.com/goradd/got/internal/got/runner.go:152.63,155.4 2 0
github.com/goradd/got/internal/got/runner.go:155.9,158.4 2 0
github.com/goradd/got/internal/got/runner.go:160.42,163.4 2 0
github.com/goradd/got/internal/got/runner.go:163.9,163.24 1 0
github.com/goradd/got/internal/got/runner.go:163.24,165.4 1 0
github.com/goradd/got/internal/got/runner.go:165.9,167.4 1 0
github.com/goradd/got/internal/got/runner.go:172.74,173.33 1 0
github.com/goradd/got/internal/got/runner.go:182.2,182.8 1 0
github.com/goradd/got/internal/got/runner.go:173.33,176.17 3 0
github.com/goradd/got/internal/got/runner.go:176.17,178.4 1 0
github.com/goradd/got/internal/got/runner.go:178.9,179.9 1 0
github.com/goradd/got/internal/got/runner.go:185.38,187.16 2 0
github.com/goradd/got/internal/got/runner.go:190.2,190.16 1 0
github.com/goradd/got/internal/got/runner.go:187.16,189.3 1 0
github.com/goradd/got/internal/got/runner.go:193.53,200.11 5 0
github.com/goradd/got/internal/got/runner.go:206.2,206.18 1 0
github.com/goradd/got/internal/got/runner.go:210.2,211.13 2 0
github.com/goradd/got/internal/got/runner.go:200.11,202.3 1 0
github.com/goradd/got/internal/got/runner.go:202.8,204.3 1 0
github.com/goradd/got/internal/got/runner.go:206.18,208.3 1 0
github.com/goradd/got/internal/got/runner.go:214.60,215.16 1 0
github.com/goradd/got/internal/got/runner.go:230.2,230.12 1 0
github.com/goradd/got/internal/got/runner.go:215.16,221.17 6 0
github.com/goradd/got/internal/got/runner.go:221.17,222.38 1 0
github.com/goradd/got/internal/got/runner.go:222.38,224.5 1 0
github.com/goradd/got/internal/got/runner.go:224.10,224.54 1 0
github.com/goradd/got/internal/got/runner.go:224.54,227.5 1 0
github.com/goradd/got/internal/got/token.go:72.13,176.2 83 1
github.com/goradd/got/internal/got/token.go:178.45,179.24 1 0
github.com/goradd/got/internal/got/token.go:185.2,185.8 1 0
github.com/goradd/got/internal/got/token.go:179.24,181.33 2 0
github.com/goradd/got/internal/got/token.go:181.33,183.4 1 0
github.com/goradd/got/internal/got/token.go:188.51,190.23 2 0
github.com/goradd/got/internal/got/token.go:195.2,195.8 1 0
github.com/goradd/got/internal/got/token.go:190.23,192.3 1 0
github.com/goradd/got/internal/got/token.go:192.8,194.3 1 0
github.com/goradd/got/main.go:14.13,21.50 6 1
github.com/goradd/got/main.go:32.2,37.16 6 1
github.com/goradd/got/main.go:43.2,45.90 2 1
github.com/goradd/got/main.go:21.50,30.3 8 1
github.com/goradd/got/main.go:37.16,39.3 1 0
github.com/goradd/got/main.go:39.8,42.3 1 1
github.com/goradd/got/main.go:45.90,48.3 2 0
github.com/goradd/got/internal/got/ast.go:29.97,32.16 3 1
github.com/goradd/got/internal/got/ast.go:35.2,35.15 1 1
github.com/goradd/got/internal/got/ast.go:39.2,41.34 3 1
github.com/goradd/got/internal/got/ast.go:44.2,44.8 1 1
github.com/goradd/got/internal/got/ast.go:32.16,34.3 1 0
github.com/goradd/got/internal/got/ast.go:35.15,37.3 1 1
github.com/goradd/got/internal/got/ast.go:41.34,43.3 1 1
github.com/goradd/got/internal/got/ast.go:47.56,49.16 2 1
github.com/goradd/got/internal/got/ast.go:52.2,52.15 1 1
github.com/goradd/got/internal/got/ast.go:56.2,57.16 2 1
github.com/goradd/got/internal/got/ast.go:61.2,61.27 1 1
github.com/goradd/got/internal/got/ast.go:69.2,69.12 1 1
github.com/goradd/got/internal/got/ast.go:49.16,51.3 1 0
github.com/goradd/got/internal/got/ast.go:52.15,54.3 1 1
github.com/goradd/got/internal/got/ast.go:57.16,59.3 1 0
github.com/goradd/got/internal/got/ast.go:61.27,64.17 3 1
github.com/goradd/got/internal/got/ast.go:64.17,65.9 1 0
github.com/goradd/got/internal/got/ast.go:72.48,73.18 1 1
github.com/goradd/got/internal/got/ast.go:75.14,78.38 3 1
github.com/goradd/got/internal/got/ast.go:80.16,83.32 3 1
github.com/goradd/got/internal/got/ast.go:86.3,86.38 1 1
github.com/goradd/got/internal/got/ast.go:88.23,91.32 3 1
github.com/goradd/got/internal/got/ast.go:93.15,94.27 1 1
github.com/goradd/got/internal/got/ast.go:96.18,97.14 1 1
github.com/goradd/got/internal/got/ast.go:98.16,99.14 1 1
github.com/goradd/got/internal/got/ast.go:100.15,101.14 1 1
github.com/goradd/got/internal/got/ast.go:102.16,103.14 1 1
github.com/goradd/got/internal/got/ast.go:104.17,105.14 1 1
github.com/goradd/got/internal/got/ast.go:106.21,107.14 1 1
github.com/goradd/got/internal/got/ast.go:108.17,109.29 1 1
github.com/goradd/got/internal/got/ast.go:111.17,112.29 1 1
github.com/goradd/got/internal/got/ast.go:114.14,115.26 1 1
github.com/goradd/got/internal/got/ast.go:117.15,118.27 1 1
github.com/goradd/got/internal/got/ast.go:120.16,121.28 1 1
github.com/goradd/got/internal/got/ast.go:123.10,124.46 1 0
github.com/goradd/got/internal/got/ast.go:83.32,85.4 1 0
github.com/goradd/got/internal/got/ast.go:128.62,129.26 1 1
github.com/goradd/got/internal/got/ast.go:135.2,135.8 1 1
github.com/goradd/got/internal/got/ast.go:129.26,131.17 2 1
github.com/goradd/got/internal/got/ast.go:131.17,132.9 1 0
github.com/goradd/got/internal/got/ast.go:138.88,143.2 4 1
github.com/goradd/got/internal/got/ast.go:148.56,149.15 1 1
github.com/goradd/got/internal/got/ast.go:152.2,152.74 1 1
github.com/goradd/got/internal/got/ast.go:163.2,164.18 2 1
github.com/goradd/got/internal/got/ast.go:175.2,175.17 1 1
github.com/goradd/got/internal/got/ast.go:181.2,181.8 1 1
github.com/goradd/got/internal/got/ast.go:149.15,151.3 1 0
github.com/goradd/got/internal/got/ast.go:152.74,153.41 1 1
github.com/goradd/got/internal/got/ast.go:159.3,159.16 1 1
github.com/goradd/got/internal/got/ast.go:153.41,155.4 1 0
github.com/goradd/got/internal/got/ast.go:155.9,157.4 1 1
github.com/goradd/got/internal/got/ast.go:159.16,161.4 1 1
github.com/goradd/got/internal/got/ast.go:164.18,166.19 2 1
github.com/goradd/got/internal/got/ast.go:166.19,173.4 5 1
github.com/goradd/got/internal/got/ast.go:175.17,178.3 1 1
github.com/goradd/got/internal/got/ast.go:178.8,180.3 1 1
github.com/goradd/got/internal/got/ast.go:184.53,185.17 1 1
github.com/goradd/got/internal/got/ast.go:189.2,189.31 1 1
github.com/goradd/got/internal/got/ast.go:185.17,187.3 1 1
github.com/goradd/got/internal/got/ast.go:192.55,195.2 2 1
github.com/goradd/got/internal/got/ast.go:199.61,202.21 2 1
github.com/goradd/got/internal/got/ast.go:208.2,210.18 2 1
github.com/goradd/got/internal/got/ast.go:227.2,229.20 2 1
github.com/goradd/got/internal/got/ast.go:241.2,243.8 3 1
github.com/goradd/got/internal/got/ast.go:202.21,204.3 1 1
github.com/goradd/got/internal/got/ast.go:204.8,204.25 1 1
github.com/goradd/got/internal/got/ast.go:204.25,206.3 1 1
github.com/goradd/got/internal/got/ast.go:211.16,212.39 1 1
github.com/goradd/got/internal/got/ast.go:213.15,214.33 1 1
github.com/goradd/got/internal/got/ast.go:215.16,216.51 1 1
github.com/goradd/got/internal/got/ast.go:217.21,218.31 1 1
github.com/goradd/got/internal/got/ast.go:219.17,220.62 1 1
github.com/goradd/got/internal/got/ast.go:221.17,222.30 1 1
github.com/goradd/got/internal/got/ast.go:223.10,224.19 1 1
github.com/goradd/got/internal/got/ast.go:229.20,238.3 1 1
github.com/goradd/got/internal/got/ast.go:238.8,240.3 1 1
github.com/goradd/got/internal/got/ast.go:246.61,249.2 2 1
github.com/goradd/got/internal/got/ast.go:254.35,256.2 1 1
github.com/goradd/got/internal/got/ast.go:258.61,259.44 1 1
github.com/goradd/got/internal/got/ast.go:278.2,278.52 1 1
github.com/goradd/got/internal/got/ast.go:281.2,281.8 1 1
github.com/goradd/got/internal/got/ast.go:259.44,260.21 1 1
github.com/goradd/got/internal/got/ast.go:268.3,268.17 1 1
github.com/goradd/got/internal/got/ast.go:272.3,274.55 3 1
github.com/goradd/got/internal/got/ast.go:261.15,262.56 1 1
github.com/goradd/got/internal/got/ast.go:263.19,264.63 1 1
github.com/goradd/got/internal/got/ast.go:265.17,266.45 1 1
github.com/goradd/got/internal/got/ast.go:268.17,270.4 1 0
github.com/goradd/got/internal/got/ast.go:274.55,276.4 1 0
github.com/goradd/got/internal/got/ast.go:278.52,280.3 1 0
github.com/goradd/got/internal/got/ast.go:284.59,288.52 4 1
github.com/goradd/got/internal/got/ast.go:291.2,291.52 1 1
github.com/goradd/got/internal/got/ast.go:294.2,294.8 1 1
github.com/goradd/got/internal/got/ast.go:288.52,290.3 1 0
github.com/goradd/got/internal/got/ast.go:291.52,293.3 1 0
github.com/goradd/got/internal/got/ast.go:297.60,302.2 2 1
github.com/goradd/got/internal/got/ast.go:309.2,314.8 2 1
github.com/goradd/got/internal/got/ast.go:302.2,305.53 3 1
github.com/goradd/got/internal/got/ast.go:305.53,307.4 1 0
github.com/goradd/got/internal/got/lexer.go:41.29,53.2 3 1
github.com/goradd/got/internal/got/lexer.go:56.96,66.2 3 1
github.com/goradd/got/internal/got/lexer.go:68.23,69.39 1 1
github.com/goradd/got/internal/got/lexer.go:72.2,72.16 1 1
github.com/goradd/got/internal/got/lexer.go:69.39,71.3 1 1
github.com/goradd/got/internal/got/lexer.go:76.33,78.2 1 1
github.com/goradd/got/internal/got/lexer.go:80.31,83.22 3 1
github.com/goradd/got/internal/got/lexer.go:83.22,87.3 3 1
github.com/goradd/got/internal/got/lexer.go:87.8,87.28 1 1
github.com/goradd/got/internal/got/lexer.go:87.28,89.3 1 1
github.com/goradd/got/internal/got/lexer.go:89.8,92.3 1 1
github.com/goradd/got/internal/got/lexer.go:95.34,99.23 3 1
github.com/goradd/got/internal/got/lexer.go:104.2,106.16 3 1
github.com/goradd/got/internal/got/lexer.go:110.2,110.27 1 1
github.com/goradd/got/internal/got/lexer.go:113.2,113.15 1 1
github.com/goradd/got/internal/got/lexer.go:99.23,102.3 2 0
github.com/goradd/got/internal/got/lexer.go:106.16,109.3 2 0
github.com/goradd/got/internal/got/lexer.go:110.27,112.3 1 1
github.com/goradd/got/internal/got/lexer.go:117.31,120.13 2 1
github.com/goradd/got/internal/got/lexer.go:124.2,127.28 3 1
github.com/goradd/got/internal/got/lexer.go:154.2,154.15 1 1
github.com/goradd/got/internal/got/lexer.go:120.13,121.43 1 0
github.com/goradd/got/internal/got/lexer.go:127.28,133.59 2 1
github.com/goradd/got/internal/got/lexer.go:137.3,137.43 1 1
github.com/goradd/got/internal/got/lexer.go:133.59,135.4 1 1
github.com/goradd/got/internal/got/lexer.go:137.43,144.4 5 1
github.com/goradd/got/internal/got/lexer.go:144.9,151.4 5 1
github.com/goradd/got/internal/got/lexer.go:155.19,156.47 1 1
github.com/goradd/got/internal/got/lexer.go:158.22,159.33 1 1
github.com/goradd/got/internal/got/lexer.go:161.22,162.37 1 1
github.com/goradd/got/internal/got/lexer.go:164.23,165.28 1 1
github.com/goradd/got/internal/got/lexer.go:167.19,168.24 1 1
github.com/goradd/got/internal/got/lexer.go:170.16,171.21 1 1
github.com/goradd/got/internal/got/lexer.go:173.10,175.48 2 1
github.com/goradd/got/internal/got/lexer.go:178.3,178.16 1 1
github.com/goradd/got/internal/got/lexer.go:175.48,177.4 1 1
github.com/goradd/got/internal/got/lexer.go:182.39,185.2 2 1
github.com/goradd/got/internal/got/lexer.go:187.35,188.17 1 1
github.com/goradd/got/internal/got/lexer.go:192.2,201.23 3 1
github.com/goradd/got/internal/got/lexer.go:206.2,207.12 2 1
github.com/goradd/got/internal/got/lexer.go:188.17,190.3 1 1
github.com/goradd/got/internal/got/lexer.go:201.23,204.3 2 1
github.com/goradd/got/internal/got/lexer.go:210.27,211.24 1 1
github.com/goradd/got/internal/got/lexer.go:211.24,214.3 2 1
github.com/goradd/got/internal/got/lexer.go:217.42,221.23 4 1
github.com/goradd/got/internal/got/lexer.go:225.2,228.23 4 1
github.com/goradd/got/internal/got/lexer.go:232.2,234.15 3 1
github.com/goradd/got/internal/got/lexer.go:221.23,224.3 2 0
github.com/goradd/got/internal/got/lexer.go:228.23,231.3 2 0
github.com/goradd/got/internal/got/lexer.go:237.67,241.23 4 1
github.com/goradd/got/internal/got/lexer.go:245.2,247.24 2 1
github.com/goradd/got/internal/got/lexer.go:256.2,257.43 2 1
github.com/goradd/got/internal/got/lexer.go:262.2,263.27 2 1
github.com/goradd/got/internal/got/lexer.go:274.2,274.21 1 1
github.com/goradd/got/internal/got/lexer.go:281.2,281.21 1 1
github.com/goradd/got/internal/got/lexer.go:292.2,292.27 1 1
github.com/goradd/got/internal/got/lexer.go:307.2,310.22 4 1
github.com/goradd/got/internal/got/lexer.go:314.2,315.16 2 1
github.com/goradd/got/internal/got/lexer.go:319.2,319.15 1 1
github.com/goradd/got/internal/got/lexer.go:323.2,325.29 2 1
github.com/goradd/got/internal/got/lexer.go:333.2,333.15 1 1
github.com/goradd/got/internal/got/lexer.go:241.23,244.3 2 0
github.com/goradd/got/internal/got/lexer.go:247.24,249.60 2 1
github.com/goradd/got/internal/got/lexer.go:249.60,252.4 2 0
github.com/goradd/got/internal/got/lexer.go:257.43,259.3 1 1
github.com/goradd/got/internal/got/lexer.go:263.27,264.41 1 1
github.com/goradd/got/internal/got/lexer.go:264.41,266.29 2 1
github.com/goradd/got/internal/got/lexer.go:266.29,268.10 2 1
github.com/goradd/got/internal/got/lexer.go:274.21,276.28 2 1
github.com/goradd/got/internal/got/lexer.go:276.28,278.4 1 1
github.com/goradd/got/internal/got/lexer.go:281.21,284.28 3 1
github.com/goradd/got/internal/got/lexer.go:287.3,289.13 3 1
github.com/goradd/got/internal/got/lexer.go:284.28,286.4 1 1
github.com/goradd/got/internal/got/lexer.go:292.27,296.17 3 1
github.com/goradd/got/internal/got/lexer.go:300.3,303.16 4 1
github.com/goradd/got/internal/got/lexer.go:296.17,299.4 2 0
github.com/goradd/got/internal/got/lexer.go:310.22,312.3 1 1
github.com/goradd/got/internal/got/lexer.go:315.16,318.3 2 0
github.com/goradd/got/internal/got/lexer.go:319.15,321.3 1 1
github.com/goradd/got/internal/got/lexer.go:325.29,327.28 2 1
github.com/goradd/got/internal/got/lexer.go:327.28,330.4 2 0
github.com/goradd/got/internal/got/lexer.go:336.35,339.2 2 1
github.com/goradd/got/internal/got/lexer.go:341.47,345.23 3 1
github.com/goradd/got/internal/got/lexer.go:350.2,355.21 5 1
github.com/goradd/got/internal/got/lexer.go:368.2,368.41 1 1
github.com/goradd/got/internal/got/lexer.go:373.2,373.36 1 1
github.com/goradd/got/internal/got/lexer.go:378.2,381.23 3 1
github.com/goradd/got/internal/got/lexer.go:384.2,384.77 1 1
github.com/goradd/got/internal/got/lexer.go:388.2,390.15 2 1
github.com/goradd/got/internal/got/lexer.go:345.23,348.3 2 0
github.com/goradd/got/internal/got/lexer.go:355.21,359.17 4 1
github.com/goradd/got/internal/got/lexer.go:359.17,362.4 2 0
github.com/goradd/got/internal/got/lexer.go:363.8,363.27 1 1
github.com/goradd/got/internal/got/lexer.go:363.27,366.3 2 0
github.com/goradd/got/internal/got/lexer.go:368.41,371.3 2 0
github.com/goradd/got/internal/got/lexer.go:373.36,376.3 2 0
github.com/goradd/got/internal/got/lexer.go:381.23,383.3 1 1
github.com/goradd/got/internal/got/lexer.go:384.77,387.3 2 0
github.com/goradd/got/internal/got/lexer.go:393.54,398.16 4 1
github.com/goradd/got/internal/got/lexer.go:403.2,407.23 4 1
github.com/goradd/got/internal/got/lexer.go:412.2,418.44 5 1
github.com/goradd/got/internal/got/lexer.go:426.2,427.16 2 1
github.com/goradd/got/internal/got/lexer.go:432.2,432.74 1 1
github.com/goradd/got/internal/got/lexer.go:437.2,439.29 2 1
github.com/goradd/got/internal/got/lexer.go:447.2,447.15 1 1
github.com/goradd/got/internal/got/lexer.go:398.16,401.3 2 0
github.com/goradd/got/internal/got/lexer.go:407.23,410.3 2 0
github.com/goradd/got/internal/got/lexer.go:418.44,419.16 1 1
github.com/goradd/got/internal/got/lexer.go:423.3,423.16 1 1
github.com/goradd/got/internal/got/lexer.go:419.16,422.4 2 0
github.com/goradd/got/internal/got/lexer.go:427.16,430.3 2 0
github.com/goradd/got/internal/got/lexer.go:432.74,435.3 2 0
github.com/goradd/got/internal/got/lexer.go:439.29,441.28 2 1
github.com/goradd/got/internal/got/lexer.go:441.28,444.4 2 0
github.com/goradd/got/internal/got/lexer.go:450.94,458.22 4 1
github.com/goradd/got/internal/got/lexer.go:462.2,462.33 1 1
github.com/goradd/got/internal/got/lexer.go:467.2,467.26 1 1
github.com/goradd/got/internal/got/lexer.go:473.2,473.25 1 1
github.com/goradd/got/internal/got/lexer.go:480.2,480.8 1 1
github.com/goradd/got/internal/got/lexer.go:458.22,461.3 2 1
github.com/goradd/got/internal/got/lexer.go:462.33,465.3 2 0
github.com/goradd/got/internal/got/lexer.go:467.26,470.3 2 1
github.com/goradd/got/internal/got/lexer.go:473.25,474.42 1 0
github.com/goradd/got/internal/got/lexer.go:474.42,477.4 2 0
github.com/goradd/got/internal/got/lexer.go:484.67,489.58 4 1
github.com/goradd/got/internal/got/lexer.go:514.2,514.23 1 1
github.com/goradd/got/internal/got/lexer.go:526.2,526.8 1 1
github.com/goradd/got/internal/got/lexer.go:489.58,491.86 2 1
github.com/goradd/got/internal/got/lexer.go:495.3,495.18 1 1
github.com/goradd/got/internal/got/lexer.go:491.86,494.4 2 0
github.com/goradd/got/internal/got/lexer.go:495.18,497.25 2 1
github.com/goradd/got/internal/got/lexer.go:497.25,498.30 1 1
github.com/goradd/got/internal/got/lexer.go:504.5,505.21 2 1
github.com/goradd/got/internal/got/lexer.go:498.30,500.20 2 0
github.com/goradd/got/internal/got/lexer.go:500.20,502.7 1 0
github.com/goradd/got/internal/got/lexer.go:506.10,509.5 1 0
github.com/goradd/got/internal/got/lexer.go:510.9,512.4 1 1
github.com/goradd/got/internal/got/lexer.go:514.23,515.28 1 1
github.com/goradd/got/internal/got/lexer.go:521.3,521.39 1 1
github.com/goradd/got/internal/got/lexer.go:515.28,517.18 2 1
github.com/goradd/got/internal/got/lexer.go:517.18,519.5 1 0
github.com/goradd/got/internal/got/lexer.go:522.8,524.3 1 1
github.com/goradd/got/internal/got/lexer.go:529.38,532.23 2 1
github.com/goradd/got/internal/got/lexer.go:536.2,537.15 2 1
github.com/goradd/got/internal/got/lexer.go:532.23,535.3 2 0
github.com/goradd/got/internal/got/lexer.go:540.35,543.2 2 1
github.com/goradd/got/internal/got/lexer.go:546.63,548.2 1 1
github.com/goradd/got/internal/got/lexer.go:551.27,553.2 1 1
github.com/goradd/got/internal/got/lexer.go:556.32,558.2 1 1
github.com/goradd/got/internal/got/lexer.go:561.31,563.2 1 1
github.com/goradd/got/internal/got/lexer.go:566.29,570.12 1 1
github.com/goradd/got/internal/got/lexer.go:575.2,575.13 1 1
github.com/goradd/got/internal/got/lexer.go:570.12,572.3 1 1
github.com/goradd/got/internal/got/lexer.go:578.36,580.2 1 1
github.com/goradd/got/internal/got/lexer.go:583.37,585.2 1 1
github.com/goradd/got/internal/got/lexer.go:587.43,590.2 2 1
github.com/goradd/got/internal/got/lexer.go:593.29,595.30 2 1
github.com/goradd/got/internal/got/lexer.go:598.2,598.10 1 1
github.com/goradd/got/internal/got/lexer.go:595.30,597.3 1 1
github.com/goradd/got/internal/got/lexer.go:603.43,605.24 2 1
github.com/goradd/got/internal/got/lexer.go:612.2,612.25 1 1
github.com/goradd/got/internal/got/lexer.go:615.2,615.8 1 1
github.com/goradd/got/internal/got/lexer.go:605.24,607.31 2 1
github.com/goradd/got/internal/got/lexer.go:610.3,610.19 1 1
github.com/goradd/got/internal/got/lexer.go:607.31,608.9 1 1
github.com/goradd/got/internal/got/lexer.go:612.25,614.3 1 1
github.com/goradd/got/internal/got/lexer.go:619.29,624.16 2 1
github.com/goradd/got/internal/got/lexer.go:624.16,627.3 1 1
github.com/goradd/got/internal/got/lexer.go:631.45,632.6 1 1
github.com/goradd/got/internal/got/lexer.go:632.6,634.14 2 1
github.com/goradd/got/internal/got/lexer.go:638.3,638.19 1 1
github.com/goradd/got/internal/got/lexer.go:641.3,641.11 1 1
github.com/goradd/got/internal/got/lexer.go:634.14,637.4 1 1
github.com/goradd/got/internal/got/lexer.go:638.19,640.4 1 1
github.com/goradd/got/internal/got/lexer.go:646.50,647.51 1 1
github.com/goradd/got/internal/got/lexer.go:649.2,649.12 1 1
github.com/goradd/got/internal/got/lexer.go:647.52,648.3 0 1
github.com/goradd/got/internal/got/lexer.go:653.42,654.22 1 1
github.com/goradd/got/internal/got/lexer.go:657.2,661.6 4 1
github.com/goradd/got/internal/got/lexer.go:654.22,656.3 1 0
github.com/goradd/got/internal/got/lexer.go:661.6,663.27 2 1
github.com/goradd/got/internal/got/lexer.go:681.3,681.31 1 1
github.com/goradd/got/internal/got/lexer.go:684.3,684.13 1 1
github.com/goradd/got/internal/got/lexer.go:663.27,665.23 1 1
github.com/goradd/got/internal/got/lexer.go:672.4,673.10 2 0
github.com/goradd/got/internal/got/lexer.go:665.23,669.5 3 1
github.com/goradd/got/internal/got/lexer.go:674.9,674.26 1 1
github.com/goradd/got/internal/got/lexer.go:674.26,677.12 3 1
github.com/goradd/got/internal/got/lexer.go:681.31,683.4 1 1
github.com/goradd/got/internal/got/lexer.go:689.29,692.27 2 1
github.com/goradd/got/internal/got/lexer.go:707.2,708.10 2 1
github.com/goradd/got/internal/got/lexer.go:692.27,695.3 2 1
github.com/goradd/got/internal/got/lexer.go:695.8,698.17 3 1
github.com/goradd/got/internal/got/lexer.go:698.17,699.21 1 1
github.com/goradd/got/internal/got/lexer.go:703.4,704.18 2 0
github.com/goradd/got/internal/got/lexer.go:699.21,701.5 1 1
github.com/goradd/got/internal/got/lexer.go:712.26,713.27 1 1
github.com/goradd/got/internal/got/lexer.go:716.2,718.48 3 1
github.com/goradd/got/internal/got/lexer.go:713.27,714.30 1 0
github.com/goradd/got/internal/got/lexer.go:722.36,723.27 1 1
github.com/goradd/got/internal/got/lexer.go:723.27,725.3 1 1
github.com/goradd/got/internal/got/lexer.go:729.26,732.2 2 1
github.com/goradd/got/internal/got/lexer.go:734.57,737.32 3 1
github.com/goradd/got/internal/got/lexer.go:745.2,745.8 1 1
github.com/goradd/got/internal/got/lexer.go:737.32,738.21 1 1
github.com/goradd/got/internal/got/lexer.go:738.21,741.4 2 1
github.com/goradd/got/internal/got/lexer.go:741.9,743.4 1 1
github.com/goradd/got/internal/got/lexer.go:748.29,751.2 2 1
github.com/goradd/got/internal/got/lexer.go:754.31,756.6 2 1
github.com/goradd/got/internal/got/lexer.go:756.6,758.10 2 1
github.com/goradd/got/internal/got/lexer.go:759.17,760.10 1 0
github.com/goradd/got/internal/got/lexer.go:761.19,762.14 1 1
github.com/goradd/got/internal/got/lexer.go:763.11,765.10 2 1
github.com/goradd/got/internal/got/lexer.go:771.36,773.6 2 0
github.com/goradd/got/internal/got/lexer.go:773.6,775.10 2 0
github.com/goradd/got/internal/got/lexer.go:776.17,777.15 1 0
github.com/goradd/got/internal/got/lexer.go:778.21,779.10 1 0
github.com/goradd/got/internal/got/lexer.go:780.24,781.14 1 0
github.com/goradd/got/internal/got/lexer.go:782.11,784.10 2 0
github.com/goradd/got/internal/got/lexer.go:790.34,793.9 3 1
github.com/goradd/got/internal/got/lexer.go:794.16,795.14 1 0
github.com/goradd/got/internal/got/lexer.go:796.20,797.9 1 0
github.com/goradd/got/internal/got/lexer.go:798.18,799.13 1 1
github.com/goradd/got/internal/got/lexer.go:800.10,802.9 2 1
github.com/goradd/got/internal/got/lexer.go:807.33,810.9 3 0
github.com/goradd/got/internal/got/lexer.go:811.16,812.14 1 0
github.com/goradd/got/internal/got/lexer.go:813.20,814.9 1 0
github.com/goradd/got/internal/got/lexer.go:815.17,817.16 2 0
github.com/goradd/got/internal/got/lexer.go:822.3,822.9 1 0
github.com/goradd/got/internal/got/lexer.go:823.17,825.9 2 0
github.com/goradd/got/internal/got/lexer.go:826.10,828.9 2 0
github.com/goradd/got/internal/got/lexer.go:817.16,819.4 1 0
github.com/goradd/got/internal/got/lexer.go:819.9,821.4 1 0
github.com/goradd/got/internal/got/lexer.go:832.34,833.22 1 1
github.com/goradd/got/internal/got/lexer.go:833.22,837.3 3 1
github.com/goradd/got/internal/got/lexer.go:840.32,841.25 1 1
github.com/goradd/got/internal/got/lexer.go:844.2,844.12 1 1
github.com/goradd/got/internal/got/lexer.go:841.25,843.3 1 1
github.com/goradd/got/internal/got/lexer.go:848.46,849.32 1 1
github.com/goradd/got/internal/got/lexer.go:852.2,852.8 1 1
github.com/goradd/got/internal/got/lexer.go:849.32,851.3 1 1
github.com/goradd/got/internal/got/lexer.go:855.34,857.2 1 1
github.com/goradd/got/internal/got/lexer.go:859.79,860.26 1 1
github.com/goradd/got/internal/got/lexer.go:863.2,869.12 2 1
github.com/goradd/got/internal/got/lexer.go:860.26,862.3 1 0
github.com/goradd/got/internal/got/lexer.go:872.77,875.2 2 1
github.com/goradd/got/internal/got/parser.go:15.32,22.30 6 1
github.com/goradd/got/internal/got/parser.go:26.2,26.30 1 1
github.com/goradd/got/internal/got/parser.go:36.2,36.16 1 1
github.com/goradd/got/internal/got/parser.go:22.30,24.3 1 1
github.com/goradd/got/internal/got/parser.go:26.30,27.34 1 1
github.com/goradd/got/internal/got/parser.go:34.3,34.17 1 1
github.com/goradd/got/internal/got/parser.go:27.34,28.36 1 1
github.com/goradd/got/internal/got/parser.go:28.36,29.30 1 0
github.com/goradd/got/internal/got/parser.go:29.30,31.6 1 0
github.com/goradd/got/internal/got/parser.go:40.71,41.34 1 1
github.com/goradd/got/internal/got/parser.go:58.2,59.8 2 1
github.com/goradd/got/internal/got/parser.go:41.34,43.20 2 1
github.com/goradd/got/internal/got/parser.go:44.16,45.15 1 0
github.com/goradd/got/internal/got/parser.go:46.18,47.15 1 1
github.com/goradd/got/internal/got/parser.go:48.16,49.15 1 1
github.com/goradd/got/internal/got/parser.go:50.21,52.10 2 1
github.com/goradd/got/internal/got/parser.go:54.11,55.38 1 1
github.com/goradd/got/internal/got/parser.go:62.57,63.18 1 1
github.com/goradd/got/internal/got/parser.go:131.2,131.13 1 1
github.com/goradd/got/internal/got/parser.go:66.15,66.15 0 0
github.com/goradd/got/internal/got/parser.go:67.17,67.17 0 1
github.com/goradd/got/internal/got/parser.go:68.15,68.15 0 1
github.com/goradd/got/internal/got/parser.go:69.23,69.23 0 1
github.com/goradd/got/internal/got/parser.go:70.15,70.15 0 1
github.com/goradd/got/internal/got/parser.go:71.20,71.20 0 1
github.com/goradd/got/internal/got/parser.go:73.16,74.14 1 1
github.com/goradd/got/internal/got/parser.go:75.14,78.29 3 1
github.com/goradd/got/internal/got/parser.go:89.3,89.14 1 1
github.com/goradd/got/internal/got/parser.go:91.18,92.14 1 1
github.com/goradd/got/internal/got/parser.go:93.16,94.14 1 1
github.com/goradd/got/internal/got/parser.go:95.15,96.14 1 1
github.com/goradd/got/internal/got/parser.go:97.16,98.14 1 1
github.com/goradd/got/internal/got/parser.go:99.17,100.14 1 1
github.com/goradd/got/internal/got/parser.go:101.21,102.14 1 1
github.com/goradd/got/internal/got/parser.go:103.17,104.14 1 1
github.com/goradd/got/internal/got/parser.go:105.17,107.15 2 1
github.com/goradd/got/internal/got/parser.go:109.14,111.23 2 1
github.com/goradd/got/internal/got/parser.go:119.16,121.15 2 1
github.com/goradd/got/internal/got/parser.go:123.15,125.15 2 1
github.com/goradd/got/internal/got/parser.go:127.10,128.28 1 0
github.com/goradd/got/internal/got/parser.go:78.29,79.30 1 1
github.com/goradd/got/internal/got/parser.go:83.4,83.32 1 1
github.com/goradd/got/internal/got/parser.go:87.4,87.18 1 1
github.com/goradd/got/internal/got/parser.go:79.30,82.5 2 0
github.com/goradd/got/internal/got/parser.go:83.32,86.5 2 0
github.com/goradd/got/internal/got/parser.go:111.23,112.35 1 1
github.com/goradd/got/internal/got/parser.go:116.4,116.54 1 1
github.com/goradd/got/internal/got/parser.go:112.35,114.5 1 0
github.com/goradd/got/internal/got/parser.go:134.55,136.21 2 1
github.com/goradd/got/internal/got/parser.go:160.2,161.21 2 1
github.com/goradd/got/internal/got/parser.go:137.15,139.21 2 1
github.com/goradd/got/internal/got/parser.go:144.15,147.14 3 0
github.com/goradd/got/internal/got/parser.go:148.15,151.14 3 0
github.com/goradd/got/internal/got/parser.go:152.17,153.17 1 0
github.com/goradd/got/internal/got/parser.go:154.10,157.17 3 1
github.com/goradd/got/internal/got/parser.go:139.21,143.4 3 0
github.com/goradd/got/internal/got/parser.go:162.15,163.14 1 1
github.com/goradd/got/internal/got/parser.go:164.15,167.17 3 0
github.com/goradd/got/internal/got/parser.go:168.17,169.17 1 0
github.com/goradd/got/internal/got/parser.go:170.10,173.17 3 0
github.com/goradd/got/internal/got/parser.go:177.62,178.26 1 1
github.com/goradd/got/internal/got/parser.go:216.2,221.21 3 1
github.com/goradd/got/internal/got/parser.go:236.2,236.21 1 1
github.com/goradd/got/internal/got/parser.go:178.26,180.28 2 1
github.com/goradd/got/internal/got/parser.go:199.3,200.22 2 1
github.com/goradd/got/internal/got/parser.go:181.16,182.51 1 1
github.com/goradd/got/internal/got/parser.go:183.16,186.37 3 0
github.com/goradd/got/internal/got/parser.go:187.16,190.37 3 0
github.com/goradd/got/internal/got/parser.go:191.18,192.37 1 0
github.com/goradd/got/internal/got/parser.go:193.11,196.37 3 0
github.com/goradd/got/internal/got/parser.go:201.16,201.16 0 1
github.com/goradd/got/internal/got/parser.go:203.16,206.31 3 0
github.com/goradd/got/internal/got/parser.go:207.18,208.31 1 0
github.com/goradd/got/internal/got/parser.go:209.11,212.31 3 0
github.com/goradd/got/internal/got/parser.go:222.20,222.20 0 1
github.com/goradd/got/internal/got/parser.go:224.15,227.30 3 0
github.com/goradd/got/internal/got/parser.go:228.17,229.30 1 0
github.com/goradd/got/internal/got/parser.go:230.10,233.30 3 0
github.com/goradd/got/internal/got/parser.go:237.12,239.27 1 1
github.com/goradd/got/internal/got/parser.go:240.14,241.27 1 1
github.com/goradd/got/internal/got/parser.go:247.3,250.22 4 1
github.com/goradd/got/internal/got/parser.go:260.3,262.9 3 1
github.com/goradd/got/internal/got/parser.go:264.16,265.27 1 1
github.com/goradd/got/internal/got/parser.go:271.3,274.22 4 1
github.com/goradd/got/internal/got/parser.go:284.3,286.9 3 1
github.com/goradd/got/internal/got/parser.go:288.10,291.27 3 0
github.com/goradd/got/internal/got/parser.go:241.27,246.4 3 0
github.com/goradd/got/internal/got/parser.go:250.22,251.25 1 1
github.com/goradd/got/internal/got/parser.go:252.19,253.34 1 0
github.com/goradd/got/internal/got/parser.go:254.17,257.33 3 0
github.com/goradd/got/internal/got/parser.go:265.27,270.4 3 0
github.com/goradd/got/internal/got/parser.go:274.22,275.25 1 1
github.com/goradd/got/internal/got/parser.go:276.19,277.34 1 0
github.com/goradd/got/internal/got/parser.go:278.17,281.35 3 0
github.com/goradd/got/internal/got/parser.go:295.53,297.27 2 1
github.com/goradd/got/internal/got/parser.go:316.2,317.21 2 1
github.com/goradd/got/internal/got/parser.go:333.2,335.21 2 1
github.com/goradd/got/internal/got/parser.go:354.2,354.13 1 1
github.com/goradd/got/internal/got/parser.go:298.15,299.50 1 1
github.com/goradd/got/internal/got/parser.go:300.15,303.23 3 0
github.com/goradd/got/internal/got/parser.go:304.15,307.23 3 0
github.com/goradd/got/internal/got/parser.go:308.17,309.23 1 0
github.com/goradd/got/internal/got/parser.go:310.10,313.23 3 0
github.com/goradd/got/internal/got/parser.go:318.15,318.15 0 1
github.com/goradd/got/internal/got/parser.go:320.15,323.17 3 0
github.com/goradd/got/internal/got/parser.go:324.17,325.17 1 0
github.com/goradd/got/internal/got/parser.go:326.10,329.17 3 0
github.com/goradd/got/internal/got/parser.go:336.20,338.27 1 1
github.com/goradd/got/internal/got/parser.go:343.15,346.17 3 0
github.com/goradd/got/internal/got/parser.go:347.17,348.17 1 0
github.com/goradd/got/internal/got/parser.go:349.10,352.17 3 0
github.com/goradd/got/internal/got/parser.go:338.27,342.4 3 0
github.com/goradd/got/internal/got/parser.go:357.54,361.66 3 1
github.com/goradd/got/internal/got/parser.go:366.2,370.28 5 1
github.com/goradd/got/internal/got/parser.go:375.2,376.58 2 1
github.com/goradd/got/internal/got/parser.go:381.2,381.13 1 1
github.com/goradd/got/internal/got/parser.go:361.66,365.3 3 0
github.com/goradd/got/internal/got/parser.go:370.28,374.3 3 0
github.com/goradd/got/internal/got/parser.go:376.58,380.3 3 0
github.com/goradd/got/internal/got/runner.go:31.30,35.50 2 1
github.com/goradd/got/internal/got/runner.go:39.2,40.16 2 1
github.com/goradd/got/internal/got/runner.go:44.2,44.26 1 1
github.com/goradd/got/internal/got/runner.go:51.2,51.26 1 1
github.com/goradd/got/internal/got/runner.go:57.2,57.18 1 1
github.com/goradd/got/internal/got/runner.go:62.2,65.16 3 1
github.com/goradd/got/internal/got/runner.go:69.2,69.29 1 1
github.com/goradd/got/internal/got/runner.go:73.2,73.15 1 1
github.com/goradd/got/internal/got/runner.go:77.2,78.17 2 1
github.com/goradd/got/internal/got/runner.go:83.2,84.29 2 1
github.com/goradd/got/internal/got/runner.go:141.2,141.30 1 1
github.com/goradd/got/internal/got/runner.go:146.2,146.8 1 1
github.com/goradd/got/internal/got/runner.go:35.50,37.3 1 0
github.com/goradd/got/internal/got/runner.go:40.16,42.3 1 0
github.com/goradd/got/internal/got/runner.go:44.26,46.66 2 1
github.com/goradd/got/internal/got/runner.go:46.66,48.4 1 1
github.com/goradd/got/internal/got/runner.go:51.26,53.3 1 1
github.com/goradd/got/internal/got/runner.go:53.8,55.3 1 1
github.com/goradd/got/internal/got/runner.go:57.18,58.43 1 0
github.com/goradd/got/internal/got/runner.go:58.43,60.4 1 0
github.com/goradd/got/internal/got/runner.go:65.16,67.3 1 0
github.com/goradd/got/internal/got/runner.go:69.29,71.3 1 0
github.com/goradd/got/internal/got/runner.go:73.15,75.3 1 1
github.com/goradd/got/internal/got/runner.go:78.17,80.3 1 0
github.com/goradd/got/internal/got/runner.go:84.29,88.40 3 1
github.com/goradd/got/internal/got/runner.go:93.3,95.7 3 1
github.com/goradd/got/internal/got/runner.go:103.3,110.7 7 1
github.com/goradd/got/internal/got/runner.go:118.3,125.17 7 1
github.com/goradd/got/internal/got/runner.go:129.3,134.17 5 1
github.com/goradd/got/internal/got/runner.go:138.3,138.35 1 1
github.com/goradd/got/internal/got/runner.go:88.40,90.4 1 1
github.com/goradd/got/internal/got/runner.go:95.7,97.17 2 1
github.com/goradd/got/internal/got/runner.go:100.4,100.40 1 1
github.com/goradd/got/internal/got/runner.go:97.17,98.10 1 1
github.com/goradd/got/internal/got/runner.go:110.7,112.17 2 1
github.com/goradd/got/internal/got/runner.go:115.4,115.40 1 1
github.com/goradd/got/internal/got/runner.go:112.17,113.10 1 1
github.com/goradd/got/internal/got/runner.go:125.17,127.4 1 1
github.com/goradd/got/internal/got/runner.go:134.17,136.4 1 0
github.com/goradd/got/internal/got/runner.go:141.30,142.54 1 1
github.com/goradd/got/internal/got/runner.go:142.54,144.4 1 1
github.com/goradd/got/internal/got/runner.go:149.102,150.21 1 1
github.com/goradd/got/internal/got/runner.go:169.2,169.8 1 1
github.com/goradd/got/internal/got/runner.go:150.21,152.63 2 1
github.com/goradd/got/internal/got/runner.go:159.3,160.42 2 1
github.com/goradd/got/internal/got/runner.go:152.63,155.4 2 1
github.com/goradd/got/internal/got/runner.go:155.9,158.4 2 1
github.com/goradd/got/internal/got/runner.go:160.42,163.4 2 0
github.com/goradd/got/internal/got/runner.go:163.9,163.24 1 1
github.com/goradd/got/internal/got/runner.go:163.24,165.4 1 1
github.com/goradd/got/internal/got/runner.go:165.9,167.4 1 1
github.com/goradd/got/internal/got/runner.go:172.74,173.33 1 1
github.com/goradd/got/internal/got/runner.go:182.2,182.8 1 1
github.com/goradd/got/internal/got/runner.go:173.33,176.17 3 1
github.com/goradd/got/internal/got/runner.go:176.17,178.4 1 1
github.com/goradd/got/internal/got/runner.go:178.9,179.9 1 0
github.com/goradd/got/internal/got/runner.go:185.38,187.16 2 1
github.com/goradd/got/internal/got/runner.go:190.2,190.16 1 1
github.com/goradd/got/internal/got/runner.go:187.16,189.3 1 0
github.com/goradd/got/internal/got/runner.go:193.53,200.11 5 1
github.com/goradd/got/internal/got/runner.go:206.2,206.18 1 1
github.com/goradd/got/internal/got/runner.go:210.2,211.13 2 1
github.com/goradd/got/internal/got/runner.go:200.11,202.3 1 0
github.com/goradd/got/internal/got/runner.go:202.8,204.3 1 1
github.com/goradd/got/internal/got/runner.go:206.18,208.3 1 1
github.com/goradd/got/internal/got/runner.go:214.60,215.16 1 1
github.com/goradd/got/internal/got/runner.go:230.2,230.12 1 1
github.com/goradd/got/internal/got/runner.go:215.16,221.17 6 1
github.com/goradd/got/internal/got/runner.go:221.17,222.38 1 1
github.com/goradd/got/internal/got/runner.go:222.38,224.5 1 0
github.com/goradd/got/internal/got/runner.go:224.10,224.54 1 1
github.com/goradd/got/internal/got/runner.go:224.54,227.5 1 1
github.com/goradd/got/internal/got/token.go:72.13,176.2 83 1
github.com/goradd/got/internal/got/token.go:178.45,179.24 1 1
github.com/goradd/got/internal/got/token.go:185.2,185.8 1 1
github.com/goradd/got/internal/got/token.go:179.24,181.33 2 1
github.com/goradd/got/internal/got/token.go:181.33,183.4 1 1
github.com/goradd/got/internal/got/token.go:188.51,190.23 2 1
github.com/goradd/got/internal/got/token.go:195.2,195.8 1 1
github.com/goradd/got/internal/got/token.go:190.23,192.3 1 1
github.com/goradd/got/internal/got/token.go:192.8,194.3 1 1
